<?xml version='1.0' encoding='UTF-8' ?>
<testsuites tests="4" failures="0" errors="0" skipped="3" time="234.243" timestamp="2026-05-18T16:09:08" hostname="localhost">
  <testsuite name="com.decoutkhanqindev.dexreader.baselineprofile.BaselineProfileGenerator" tests="1" failures="0" errors="0" skipped="0" time="232.346" timestamp="2026-05-18T16:09:08" hostname="localhost">
    <properties>
      <property name="device" value="2312DRA50G - 14" />
      <property name="flavor" value="" />
      <property name="project" value=":baselineprofile" />
    </properties>
    <testcase name="generate" classname="com.decoutkhanqindev.dexreader.baselineprofile.BaselineProfileGenerator" time="232.346" />
  </testsuite>
  <testsuite name="com.decoutkhanqindev.dexreader.baselineprofile.StartupBenchmarks" tests="3" failures="0" errors="0" skipped="3" time="0.025" timestamp="2026-05-18T16:09:08" hostname="localhost">
    <properties>
      <property name="device" value="2312DRA50G - 14" />
      <property name="flavor" value="" />
      <property name="project" value=":baselineprofile" />
    </properties>
    <testcase name="feedScrollPerformance" classname="com.decoutkhanqindev.dexreader.baselineprofile.StartupBenchmarks" time="0.009">
      <skipped />
    </testcase>
    <testcase name="startupNoCompilation" classname="com.decoutkhanqindev.dexreader.baselineprofile.StartupBenchmarks" time="0.008">
      <skipped />
    </testcase>
    <testcase name="startupBaselineProfile" classname="com.decoutkhanqindev.dexreader.baselineprofile.StartupBenchmarks" time="0.008">
      <skipped />
    </testcase>
  </testsuite>
</testsuites>